Release 14.7 - xst P.20131013 (nt64)
Copyright (c) 1995-2013 Xilinx, Inc.  All rights reserved.
--> Parameter TMPDIR set to xst/projnav.tmp


Total REAL time to Xst completion: 0.00 secs
Total CPU time to Xst completion: 0.10 secs
 
--> Parameter xsthdpdir set to xst


Total REAL time to Xst completion: 0.00 secs
Total CPU time to Xst completion: 0.10 secs
 
--> Reading design: coloring.prj

TABLE OF CONTENTS
  1) Synthesis Options Summary
  2) HDL Parsing
  3) HDL Elaboration
  4) HDL Synthesis
       4.1) HDL Synthesis Report
  5) Advanced HDL Synthesis
       5.1) Advanced HDL Synthesis Report
  6) Low Level Synthesis
  7) Partition Report
  8) Design Summary
       8.1) Primitive and Black Box Usage
       8.2) Device utilization summary
       8.3) Partition Resource Summary
       8.4) Timing Report
            8.4.1) Clock Information
            8.4.2) Asynchronous Control Signals Information
            8.4.3) Timing Summary
            8.4.4) Timing Details
            8.4.5) Cross Clock Domains Report


=========================================================================
*                      Synthesis Options Summary                        *
=========================================================================
---- Source Parameters
Input File Name                    : "coloring.prj"
Ignore Synthesis Constraint File   : NO

---- Target Parameters
Output File Name                   : "coloring"
Output Format                      : NGC
Target Device                      : xa6slx4-3-csg225

---- Source Options
Top Module Name                    : coloring
Automatic FSM Extraction           : YES
FSM Encoding Algorithm             : Auto
Safe Implementation                : No
FSM Style                          : LUT
RAM Extraction                     : Yes
RAM Style                          : Auto
ROM Extraction                     : Yes
Shift Register Extraction          : YES
ROM Style                          : Auto
Resource Sharing                   : YES
Asynchronous To Synchronous        : NO
Shift Register Minimum Size        : 2
Use DSP Block                      : Auto
Automatic Register Balancing       : No

---- Target Options
LUT Combining                      : Auto
Reduce Control Sets                : Auto
Add IO Buffers                     : YES
Global Maximum Fanout              : 100000
Add Generic Clock Buffer(BUFG)     : 16
Register Duplication               : YES
Optimize Instantiated Primitives   : NO
Use Clock Enable                   : Auto
Use Synchronous Set                : Auto
Use Synchronous Reset              : Auto
Pack IO Registers into IOBs        : Auto
Equivalent register Removal        : YES

---- General Options
Optimization Goal                  : Speed
Optimization Effort                : 1
Power Reduction                    : NO
Keep Hierarchy                     : No
Netlist Hierarchy                  : As_Optimized
RTL Output                         : Yes
Global Optimization                : AllClockNets
Read Cores                         : YES
Write Timing Constraints           : NO
Cross Clock Analysis               : NO
Hierarchy Separator                : /
Bus Delimiter                      : <>
Case Specifier                     : Maintain
Slice Utilization Ratio            : 100
BRAM Utilization Ratio             : 100
DSP48 Utilization Ratio            : 100
Auto BRAM Packing                  : NO
Slice Utilization Ratio Delta      : 5

=========================================================================


=========================================================================
*                          HDL Parsing                                  *
=========================================================================
Analyzing Verilog file "D:\file\study\2023Autumn\computer_composition\experiment\P1\exam_in_class\P1_L4_coloring_2023\coloring.v" into library work
Parsing module <coloring>.

=========================================================================
*                            HDL Elaboration                            *
=========================================================================

Elaborating module <coloring>.

=========================================================================
*                           HDL Synthesis                               *
=========================================================================

Synthesizing Unit <coloring>.
    Related source file is "D:\file\study\2023Autumn\computer_composition\experiment\P1\exam_in_class\P1_L4_coloring_2023\coloring.v".
    Found 4-bit register for signal <st>.
    Found 1-bit register for signal <check>.
    Found 2-bit comparator equal for signal <st[3]_st[1]_equal_3_o> created at line 38
    Found 2-bit comparator equal for signal <st[1]_color[1]_equal_4_o> created at line 38
    Summary:
	inferred   5 D-type flip-flop(s).
	inferred   2 Comparator(s).
	inferred   1 Multiplexer(s).
Unit <coloring> synthesized.

=========================================================================
HDL Synthesis Report

Macro Statistics
# Registers                                            : 2
 1-bit register                                        : 1
 4-bit register                                        : 1
# Comparators                                          : 2
 2-bit comparator equal                                : 2
# Multiplexers                                         : 1
 1-bit 2-to-1 multiplexer                              : 1

=========================================================================

=========================================================================
*                       Advanced HDL Synthesis                          *
=========================================================================


=========================================================================
Advanced HDL Synthesis Report

Macro Statistics
# Registers                                            : 5
 Flip-Flops                                            : 5
# Comparators                                          : 2
 2-bit comparator equal                                : 2

=========================================================================

=========================================================================
*                         Low Level Synthesis                           *
=========================================================================

Optimizing unit <coloring> ...

Mapping all equations...
Building and optimizing final netlist ...
Found area constraint ratio of 100 (+ 5) on block coloring, actual ratio is 0.

Final Macro Processing ...

=========================================================================
Final Register Report

Macro Statistics
# Registers                                            : 5
 Flip-Flops                                            : 5

=========================================================================

=========================================================================
*                           Partition Report                            *
=========================================================================

Partition Implementation Status
-------------------------------

  No Partitions were found in this design.

-------------------------------

=========================================================================
*                            Design Summary                             *
=========================================================================

Top Level Output File Name         : coloring.ngc

Primitive and Black Box Usage:
------------------------------
# BELS                             : 5
#      INV                         : 1
#      LUT4                        : 1
#      LUT5                        : 2
#      LUT6                        : 1
# FlipFlops/Latches                : 5
#      FDC                         : 1
#      FDP                         : 4
# Clock Buffers                    : 1
#      BUFGP                       : 1
# IO Buffers                       : 4
#      IBUF                        : 3
#      OBUF                        : 1

Device utilization summary:
---------------------------

Selected Device : xa6slx4csg225-3 


Slice Logic Utilization: 
 Number of Slice Registers:               5  out of   4800     0%  
 Number of Slice LUTs:                    5  out of   2400     0%  
    Number used as Logic:                 5  out of   2400     0%  

Slice Logic Distribution: 
 Number of LUT Flip Flop pairs used:     10
   Number with an unused Flip Flop:       5  out of     10    50%  
   Number with an unused LUT:             5  out of     10    50%  
   Number of fully used LUT-FF pairs:     0  out of     10     0%  
   Number of unique control sets:         1

IO Utilization: 
 Number of IOs:                           5
 Number of bonded IOBs:                   5  out of    132     3%  

Specific Feature Utilization:
 Number of BUFG/BUFGCTRLs:                1  out of     16     6%  

---------------------------
Partition Resource Summary:
---------------------------

  No Partitions were found in this design.

---------------------------


=========================================================================
Timing Report

NOTE: THESE TIMING NUMBERS ARE ONLY A SYNTHESIS ESTIMATE.
      FOR ACCURATE TIMING INFORMATION PLEASE REFER TO THE TRACE REPORT
      GENERATED AFTER PLACE-and-ROUTE.

Clock Information:
------------------
-----------------------------------+------------------------+-------+
Clock Signal                       | Clock buffer(FF name)  | Load  |
-----------------------------------+------------------------+-------+
clk                                | BUFGP                  | 5     |
-----------------------------------+------------------------+-------+

Asynchronous Control Signals Information:
----------------------------------------
No asynchronous control signals found in this design

Timing Summary:
---------------
Speed Grade: -3

   Minimum period: 1.616ns (Maximum Frequency: 618.716MHz)
   Minimum input arrival time before clock: 3.151ns
   Maximum output required time after clock: 3.597ns
   Maximum combinational path delay: No path found

Timing Details:
---------------
All values displayed in nanoseconds (ns)

=========================================================================
Timing constraint: Default period analysis for Clock 'clk'
  Clock period: 1.616ns (frequency: 618.716MHz)
  Total number of paths / destination ports: 12 / 4
-------------------------------------------------------------------------
Delay:               1.616ns (Levels of Logic = 1)
  Source:            st_2 (FF)
  Destination:       flag (FF)
  Source Clock:      clk rising
  Destination Clock: clk rising

  Data Path: st_2 to flag
                                Gate     Net
    Cell:in->out      fanout   Delay   Delay  Logical Name (Net Name)
    ----------------------------------------  ------------
     FDP:C->Q              2   0.447   0.864  st_2 (st_2)
     LUT6:I2->O            1   0.203   0.000  Mmux_st[1]_PWR_1_o_MUX_5_o11 (st[1]_PWR_1_o_MUX_5_o)
     FDC:D                     0.102          flag
    ----------------------------------------
    Total                      1.616ns (0.752ns logic, 0.864ns route)
                                       (46.5% logic, 53.5% route)

=========================================================================
Timing constraint: Default OFFSET IN BEFORE for Clock 'clk'
  Total number of paths / destination ports: 14 / 10
-------------------------------------------------------------------------
Offset:              3.151ns (Levels of Logic = 2)
  Source:            rst_n (PAD)
  Destination:       flag (FF)
  Destination Clock: clk rising

  Data Path: rst_n to flag
                                Gate     Net
    Cell:in->out      fanout   Delay   Delay  Logical Name (Net Name)
    ----------------------------------------  ------------
     IBUF:I->O             1   1.222   0.579  rst_n_IBUF (rst_n_IBUF)
     INV:I->O              5   0.206   0.714  rst_n_inv1_INV_0 (rst_n_inv)
     FDC:CLR                   0.430          flag
    ----------------------------------------
    Total                      3.151ns (1.858ns logic, 1.293ns route)
                                       (59.0% logic, 41.0% route)

=========================================================================
Timing constraint: Default OFFSET OUT AFTER for Clock 'clk'
  Total number of paths / destination ports: 1 / 1
-------------------------------------------------------------------------
Offset:              3.597ns (Levels of Logic = 1)
  Source:            flag (FF)
  Destination:       check (PAD)
  Source Clock:      clk rising

  Data Path: flag to check
                                Gate     Net
    Cell:in->out      fanout   Delay   Delay  Logical Name (Net Name)
    ----------------------------------------  ------------
     FDC:C->Q              1   0.447   0.579  flag (flag)
     OBUF:I->O                 2.571          check_OBUF (check)
    ----------------------------------------
    Total                      3.597ns (3.018ns logic, 0.579ns route)
                                       (83.9% logic, 16.1% route)

=========================================================================

Cross Clock Domains Report:
--------------------------

Clock to Setup on destination clock clk
---------------+---------+---------+---------+---------+
               | Src:Rise| Src:Fall| Src:Rise| Src:Fall|
Source Clock   |Dest:Rise|Dest:Rise|Dest:Fall|Dest:Fall|
---------------+---------+---------+---------+---------+
clk            |    1.616|         |         |         |
---------------+---------+---------+---------+---------+

=========================================================================


Total REAL time to Xst completion: 3.00 secs
Total CPU time to Xst completion: 3.73 secs
 
--> 

Total memory usage is 4491648 kilobytes

Number of errors   :    0 (   0 filtered)
Number of warnings :    0 (   0 filtered)
Number of infos    :    0 (   0 filtered)

