#! /c/Source/iverilog-install/bin/vvp
:ivl_version "12.0 (devel)" "(s20150603-1539-g2693dd32b)";
:ivl_delay_selection "TYPICAL";
:vpi_time_precision - 12;
:vpi_module "D:\iverilog\lib\ivl\system.vpi";
:vpi_module "D:\iverilog\lib\ivl\vhdl_sys.vpi";
:vpi_module "D:\iverilog\lib\ivl\vhdl_textio.vpi";
:vpi_module "D:\iverilog\lib\ivl\v2005_math.vpi";
:vpi_module "D:\iverilog\lib\ivl\va_math.vpi";
S_000001edde4ba8a0 .scope module, "tb_VoterPlus" "tb_VoterPlus" 2 3;
 .timescale -9 -12;
P_000001edde46b3c0 .param/l "PERIOD" 0 2 6, +C4<00000000000000000000000000001010>;
v000001edde4b39a0_0 .var "clk", 0 0;
v000001edde4b3a40_0 .var "np", 31 0;
v000001edde4b3ae0_0 .var "reset", 0 0;
v000001edde4b3b80_0 .net "result", 7 0, v000001edde4babc0_0;  1 drivers
v000001edde4b4b70_0 .var "vip", 7 0;
v000001edde4b4850_0 .var "vvip", 0 0;
S_000001edde4baa30 .scope module, "u_VoterPlus" "VoterPlus" 2 19, 3 21 0, S_000001edde4ba8a0;
 .timescale -9 -12;
    .port_info 0 /INPUT 1 "clk";
    .port_info 1 /INPUT 1 "reset";
    .port_info 2 /INPUT 32 "np";
    .port_info 3 /INPUT 8 "vip";
    .port_info 4 /INPUT 1 "vvip";
    .port_info 5 /OUTPUT 8 "result";
v000001edde4a7060_0 .net "clk", 0 0, v000001edde4b39a0_0;  1 drivers
v000001edde482bb0_0 .var/i "i", 31 0;
v000001edde482dd0_0 .net "np", 31 0, v000001edde4b3a40_0;  1 drivers
v000001edde482940_0 .net "reset", 0 0, v000001edde4b3ae0_0;  1 drivers
v000001edde4babc0_0 .var "result", 7 0;
v000001edde4bac60_0 .var "st_np", 31 0;
v000001edde4b3720_0 .var "st_vip", 7 0;
v000001edde4b37c0_0 .var "st_vvip", 0 0;
v000001edde4b3860_0 .net "vip", 7 0, v000001edde4b4b70_0;  1 drivers
v000001edde4b3900_0 .net "vvip", 0 0, v000001edde4b4850_0;  1 drivers
E_000001edde46b640 .event posedge, v000001edde482940_0, v000001edde4a7060_0;
E_000001edde46b400 .event anyedge, v000001edde4bac60_0, v000001edde4babc0_0, v000001edde4b3720_0, v000001edde4b37c0_0;
    .scope S_000001edde4baa30;
T_0 ;
    %wait E_000001edde46b400;
    %pushi/vec4 0, 0, 8;
    %store/vec4 v000001edde4babc0_0, 0, 8;
    %pushi/vec4 0, 0, 32;
    %store/vec4 v000001edde482bb0_0, 0, 32;
T_0.0 ;
    %load/vec4 v000001edde482bb0_0;
    %cmpi/u 32, 0, 32;
    %jmp/0xz T_0.1, 5;
    %load/vec4 v000001edde4bac60_0;
    %load/vec4 v000001edde482bb0_0;
    %ix/vec4 4;
    %shiftr 4;
    %pushi/vec4 1, 0, 32;
    %and;
    %cmpi/e 1, 0, 32;
    %jmp/0xz  T_0.2, 4;
    %load/vec4 v000001edde4babc0_0;
    %addi 1, 0, 8;
    %store/vec4 v000001edde4babc0_0, 0, 8;
T_0.2 ;
    %load/vec4 v000001edde482bb0_0;
    %addi 1, 0, 32;
    %store/vec4 v000001edde482bb0_0, 0, 32;
    %jmp T_0.0;
T_0.1 ;
    %pushi/vec4 0, 0, 32;
    %store/vec4 v000001edde482bb0_0, 0, 32;
T_0.4 ;
    %load/vec4 v000001edde482bb0_0;
    %cmpi/u 8, 0, 32;
    %jmp/0xz T_0.5, 5;
    %load/vec4 v000001edde4b3720_0;
    %load/vec4 v000001edde482bb0_0;
    %ix/vec4 4;
    %shiftr 4;
    %pushi/vec4 1, 0, 8;
    %and;
    %cmpi/e 1, 0, 8;
    %jmp/0xz  T_0.6, 4;
    %load/vec4 v000001edde4babc0_0;
    %addi 4, 0, 8;
    %store/vec4 v000001edde4babc0_0, 0, 8;
T_0.6 ;
    %load/vec4 v000001edde482bb0_0;
    %addi 1, 0, 32;
    %store/vec4 v000001edde482bb0_0, 0, 32;
    %jmp T_0.4;
T_0.5 ;
    %load/vec4 v000001edde4b37c0_0;
    %cmpi/e 1, 0, 1;
    %jmp/0xz  T_0.8, 4;
    %load/vec4 v000001edde4babc0_0;
    %addi 16, 0, 8;
    %store/vec4 v000001edde4babc0_0, 0, 8;
T_0.8 ;
    %jmp T_0;
    .thread T_0, $push;
    .scope S_000001edde4baa30;
T_1 ;
    %wait E_000001edde46b640;
    %load/vec4 v000001edde482940_0;
    %cmpi/e 1, 0, 1;
    %jmp/0xz  T_1.0, 4;
    %pushi/vec4 0, 0, 32;
    %assign/vec4 v000001edde4bac60_0, 0;
    %pushi/vec4 0, 0, 8;
    %assign/vec4 v000001edde4b3720_0, 0;
    %pushi/vec4 0, 0, 1;
    %assign/vec4 v000001edde4b37c0_0, 0;
    %jmp T_1.1;
T_1.0 ;
    %load/vec4 v000001edde4bac60_0;
    %load/vec4 v000001edde482dd0_0;
    %or;
    %assign/vec4 v000001edde4bac60_0, 0;
    %load/vec4 v000001edde4b3720_0;
    %load/vec4 v000001edde4b3860_0;
    %or;
    %assign/vec4 v000001edde4b3720_0, 0;
    %load/vec4 v000001edde4b37c0_0;
    %load/vec4 v000001edde4b3900_0;
    %or;
    %assign/vec4 v000001edde4b37c0_0, 0;
T_1.1 ;
    %jmp T_1;
    .thread T_1;
    .scope S_000001edde4ba8a0;
T_2 ;
    %pushi/vec4 0, 0, 1;
    %store/vec4 v000001edde4b39a0_0, 0, 1;
    %pushi/vec4 0, 0, 1;
    %store/vec4 v000001edde4b3ae0_0, 0, 1;
    %pushi/vec4 0, 0, 32;
    %store/vec4 v000001edde4b3a40_0, 0, 32;
    %pushi/vec4 0, 0, 8;
    %store/vec4 v000001edde4b4b70_0, 0, 8;
    %pushi/vec4 0, 0, 1;
    %store/vec4 v000001edde4b4850_0, 0, 1;
    %end;
    .thread T_2;
    .scope S_000001edde4ba8a0;
T_3 ;
    %vpi_call 2 31 "$dumpfile", "VoterPlus.vcd" {0 0 0};
    %vpi_call 2 32 "$dumpvars" {0 0 0};
    %vpi_call 2 34 "$finish" {0 0 0};
    %end;
    .thread T_3;
# The file index is used to find the file name in the following table.
:file_names 4;
    "N/A";
    "<interactive>";
    "VoterPlus_tb.v";
    "./VoterPlus.v";
