#! /c/Source/iverilog-install/bin/vvp
:ivl_version "12.0 (devel)" "(s20150603-1539-g2693dd32b)";
:ivl_delay_selection "TYPICAL";
:vpi_time_precision - 12;
:vpi_module "D:\iverilog\lib\ivl\system.vpi";
:vpi_module "D:\iverilog\lib\ivl\vhdl_sys.vpi";
:vpi_module "D:\iverilog\lib\ivl\vhdl_textio.vpi";
:vpi_module "D:\iverilog\lib\ivl\v2005_math.vpi";
:vpi_module "D:\iverilog\lib\ivl\va_math.vpi";
S_0000026e24ac2600 .scope module, "VoterPlus" "VoterPlus" 2 21;
 .timescale -9 -12;
    .port_info 0 /INPUT 1 "clk";
    .port_info 1 /INPUT 1 "reset";
    .port_info 2 /INPUT 32 "np";
    .port_info 3 /INPUT 8 "vip";
    .port_info 4 /INPUT 1 "vvip";
    .port_info 5 /OUTPUT 8 "result";
o0000026e24afafd8 .functor BUFZ 1, C4<z>; HiZ drive
v0000026e24ac2d90_0 .net "clk", 0 0, o0000026e24afafd8;  0 drivers
v0000026e24ac2790_0 .var/i "i", 31 0;
o0000026e24afb038 .functor BUFZ 32, C4<zzzzzzzzzzzzzzzzzzzzzzzzzzzzzzzz>; HiZ drive
v0000026e24ac2830_0 .net "np", 31 0, o0000026e24afb038;  0 drivers
o0000026e24afb068 .functor BUFZ 1, C4<z>; HiZ drive
v0000026e24ac28d0_0 .net "reset", 0 0, o0000026e24afb068;  0 drivers
v0000026e24b3d840_0 .var "result", 7 0;
v0000026e24b3d8e0_0 .var "st_np", 31 0;
v0000026e24b3d980_0 .var "st_vip", 7 0;
v0000026e24b3da20_0 .var "st_vvip", 0 0;
o0000026e24afb158 .functor BUFZ 8, C4<zzzzzzzz>; HiZ drive
v0000026e24b3dac0_0 .net "vip", 7 0, o0000026e24afb158;  0 drivers
o0000026e24afb188 .functor BUFZ 1, C4<z>; HiZ drive
v0000026e24b3db60_0 .net "vvip", 0 0, o0000026e24afb188;  0 drivers
E_0000026e24af9840 .event posedge, v0000026e24ac28d0_0, v0000026e24ac2d90_0;
E_0000026e24af9280 .event anyedge, v0000026e24b3d8e0_0, v0000026e24b3d840_0, v0000026e24b3d980_0, v0000026e24b3da20_0;
    .scope S_0000026e24ac2600;
T_0 ;
    %wait E_0000026e24af9280;
    %pushi/vec4 0, 0, 8;
    %store/vec4 v0000026e24b3d840_0, 0, 8;
    %pushi/vec4 0, 0, 32;
    %store/vec4 v0000026e24ac2790_0, 0, 32;
T_0.0 ;
    %load/vec4 v0000026e24ac2790_0;
    %cmpi/u 32, 0, 32;
    %jmp/0xz T_0.1, 5;
    %load/vec4 v0000026e24b3d8e0_0;
    %load/vec4 v0000026e24ac2790_0;
    %ix/vec4 4;
    %shiftr 4;
    %pushi/vec4 1, 0, 32;
    %and;
    %cmpi/e 1, 0, 32;
    %jmp/0xz  T_0.2, 4;
    %load/vec4 v0000026e24b3d840_0;
    %addi 1, 0, 8;
    %store/vec4 v0000026e24b3d840_0, 0, 8;
T_0.2 ;
    %load/vec4 v0000026e24ac2790_0;
    %addi 1, 0, 32;
    %store/vec4 v0000026e24ac2790_0, 0, 32;
    %jmp T_0.0;
T_0.1 ;
    %pushi/vec4 0, 0, 32;
    %store/vec4 v0000026e24ac2790_0, 0, 32;
T_0.4 ;
    %load/vec4 v0000026e24ac2790_0;
    %cmpi/u 8, 0, 32;
    %jmp/0xz T_0.5, 5;
    %load/vec4 v0000026e24b3d980_0;
    %load/vec4 v0000026e24ac2790_0;
    %ix/vec4 4;
    %shiftr 4;
    %pushi/vec4 1, 0, 8;
    %and;
    %cmpi/e 1, 0, 8;
    %jmp/0xz  T_0.6, 4;
    %load/vec4 v0000026e24b3d840_0;
    %addi 4, 0, 8;
    %store/vec4 v0000026e24b3d840_0, 0, 8;
T_0.6 ;
    %load/vec4 v0000026e24ac2790_0;
    %addi 1, 0, 32;
    %store/vec4 v0000026e24ac2790_0, 0, 32;
    %jmp T_0.4;
T_0.5 ;
    %load/vec4 v0000026e24b3da20_0;
    %cmpi/e 1, 0, 1;
    %jmp/0xz  T_0.8, 4;
    %load/vec4 v0000026e24b3d840_0;
    %addi 16, 0, 8;
    %store/vec4 v0000026e24b3d840_0, 0, 8;
T_0.8 ;
    %jmp T_0;
    .thread T_0, $push;
    .scope S_0000026e24ac2600;
T_1 ;
    %wait E_0000026e24af9840;
    %load/vec4 v0000026e24ac28d0_0;
    %cmpi/e 1, 0, 1;
    %jmp/0xz  T_1.0, 4;
    %pushi/vec4 0, 0, 32;
    %assign/vec4 v0000026e24b3d8e0_0, 0;
    %pushi/vec4 0, 0, 8;
    %assign/vec4 v0000026e24b3d980_0, 0;
    %pushi/vec4 0, 0, 1;
    %assign/vec4 v0000026e24b3da20_0, 0;
    %jmp T_1.1;
T_1.0 ;
    %load/vec4 v0000026e24b3d8e0_0;
    %load/vec4 v0000026e24ac2830_0;
    %or;
    %assign/vec4 v0000026e24b3d8e0_0, 0;
    %load/vec4 v0000026e24b3d980_0;
    %load/vec4 v0000026e24b3dac0_0;
    %or;
    %assign/vec4 v0000026e24b3d980_0, 0;
    %load/vec4 v0000026e24b3da20_0;
    %load/vec4 v0000026e24b3db60_0;
    %or;
    %assign/vec4 v0000026e24b3da20_0, 0;
T_1.1 ;
    %jmp T_1;
    .thread T_1;
# The file index is used to find the file name in the following table.
:file_names 3;
    "N/A";
    "<interactive>";
    "VoterPlus.v";
