Release 14.7 - xst P.20131013 (nt64)
Copyright (c) 1995-2013 Xilinx, Inc.  All rights reserved.
--> Parameter TMPDIR set to xst/projnav.tmp


Total REAL time to Xst completion: 0.00 secs
Total CPU time to Xst completion: 0.10 secs
 
--> Parameter xsthdpdir set to xst


Total REAL time to Xst completion: 0.00 secs
Total CPU time to Xst completion: 0.11 secs
 
--> Reading design: string2.prj

TABLE OF CONTENTS
  1) Synthesis Options Summary
  2) HDL Parsing
  3) HDL Elaboration
  4) HDL Synthesis
       4.1) HDL Synthesis Report
  5) Advanced HDL Synthesis
       5.1) Advanced HDL Synthesis Report
  6) Low Level Synthesis
  7) Partition Report
  8) Design Summary
       8.1) Primitive and Black Box Usage
       8.2) Device utilization summary
       8.3) Partition Resource Summary
       8.4) Timing Report
            8.4.1) Clock Information
            8.4.2) Asynchronous Control Signals Information
            8.4.3) Timing Summary
            8.4.4) Timing Details
            8.4.5) Cross Clock Domains Report


=========================================================================
*                      Synthesis Options Summary                        *
=========================================================================
---- Source Parameters
Input File Name                    : "string2.prj"
Ignore Synthesis Constraint File   : NO

---- Target Parameters
Output File Name                   : "string2"
Output Format                      : NGC
Target Device                      : xa6slx4-3-csg225

---- Source Options
Top Module Name                    : string2
Automatic FSM Extraction           : YES
FSM Encoding Algorithm             : Auto
Safe Implementation                : No
FSM Style                          : LUT
RAM Extraction                     : Yes
RAM Style                          : Auto
ROM Extraction                     : Yes
Shift Register Extraction          : YES
ROM Style                          : Auto
Resource Sharing                   : YES
Asynchronous To Synchronous        : NO
Shift Register Minimum Size        : 2
Use DSP Block                      : Auto
Automatic Register Balancing       : No

---- Target Options
LUT Combining                      : Auto
Reduce Control Sets                : Auto
Add IO Buffers                     : YES
Global Maximum Fanout              : 100000
Add Generic Clock Buffer(BUFG)     : 16
Register Duplication               : YES
Optimize Instantiated Primitives   : NO
Use Clock Enable                   : Auto
Use Synchronous Set                : Auto
Use Synchronous Reset              : Auto
Pack IO Registers into IOBs        : Auto
Equivalent register Removal        : YES

---- General Options
Optimization Goal                  : Speed
Optimization Effort                : 1
Power Reduction                    : NO
Keep Hierarchy                     : No
Netlist Hierarchy                  : As_Optimized
RTL Output                         : Yes
Global Optimization                : AllClockNets
Read Cores                         : YES
Write Timing Constraints           : NO
Cross Clock Analysis               : NO
Hierarchy Separator                : /
Bus Delimiter                      : <>
Case Specifier                     : Maintain
Slice Utilization Ratio            : 100
BRAM Utilization Ratio             : 100
DSP48 Utilization Ratio            : 100
Auto BRAM Packing                  : NO
Slice Utilization Ratio Delta      : 5

=========================================================================


=========================================================================
*                          HDL Parsing                                  *
=========================================================================
Analyzing Verilog file "D:\file\study\2023Autumn\computer_composition\experiment\P1\practice_after_class\P1_L7_expr\string2.v" into library work
Parsing module <string2>.

=========================================================================
*                            HDL Elaboration                            *
=========================================================================

Elaborating module <string2>.

=========================================================================
*                           HDL Synthesis                               *
=========================================================================

Synthesizing Unit <string2>.
    Related source file is "D:\file\study\2023Autumn\computer_composition\experiment\P1\practice_after_class\P1_L7_expr\string2.v".
    Found 3-bit register for signal <st>.
    Found finite state machine <FSM_0> for signal <st>.
    -----------------------------------------------------------------------
    | States             | 7                                              |
    | Transitions        | 22                                             |
    | Inputs             | 5                                              |
    | Outputs            | 1                                              |
    | Clock              | clk (rising_edge)                              |
    | Reset              | clr (positive)                                 |
    | Reset type         | asynchronous                                   |
    | Reset State        | 000                                            |
    | Encoding           | auto                                           |
    | Implementation     | LUT                                            |
    -----------------------------------------------------------------------
    Found 8-bit comparator greater for signal <n0012> created at line 90
    Found 8-bit comparator greater for signal <n0014> created at line 90
    Summary:
	inferred   2 Comparator(s).
	inferred   1 Finite State Machine(s).
Unit <string2> synthesized.

=========================================================================
HDL Synthesis Report

Macro Statistics
# Comparators                                          : 2
 8-bit comparator greater                              : 2
# FSMs                                                 : 1

=========================================================================

=========================================================================
*                       Advanced HDL Synthesis                          *
=========================================================================


=========================================================================
Advanced HDL Synthesis Report

Macro Statistics
# Comparators                                          : 2
 8-bit comparator greater                              : 2
# FSMs                                                 : 1

=========================================================================

=========================================================================
*                         Low Level Synthesis                           *
=========================================================================
Analyzing FSM <MFsm> for best encoding.
Optimizing FSM <FSM_0> on signal <st[1:7]> with one-hot encoding.
-------------------
 State | Encoding
-------------------
 000   | 0000001
 001   | 0000010
 100   | 0000100
 010   | 0001000
 011   | 0010000
 101   | 0100000
 110   | 1000000
-------------------

Optimizing unit <string2> ...

Mapping all equations...
Building and optimizing final netlist ...
Found area constraint ratio of 100 (+ 5) on block string2, actual ratio is 0.

Final Macro Processing ...

=========================================================================
Final Register Report

Macro Statistics
# Registers                                            : 6
 Flip-Flops                                            : 6

=========================================================================

=========================================================================
*                           Partition Report                            *
=========================================================================

Partition Implementation Status
-------------------------------

  No Partitions were found in this design.

-------------------------------

=========================================================================
*                            Design Summary                             *
=========================================================================

Top Level Output File Name         : string2.ngc

Primitive and Black Box Usage:
------------------------------
# BELS                             : 11
#      GND                         : 1
#      LUT2                        : 1
#      LUT3                        : 2
#      LUT5                        : 1
#      LUT6                        : 6
# FlipFlops/Latches                : 6
#      FDC                         : 5
#      FDP                         : 1
# Clock Buffers                    : 1
#      BUFGP                       : 1
# IO Buffers                       : 10
#      IBUF                        : 9
#      OBUF                        : 1

Device utilization summary:
---------------------------

Selected Device : xa6slx4csg225-3 


Slice Logic Utilization: 
 Number of Slice Registers:               6  out of   4800     0%  
 Number of Slice LUTs:                   10  out of   2400     0%  
    Number used as Logic:                10  out of   2400     0%  

Slice Logic Distribution: 
 Number of LUT Flip Flop pairs used:     11
   Number with an unused Flip Flop:       5  out of     11    45%  
   Number with an unused LUT:             1  out of     11     9%  
   Number of fully used LUT-FF pairs:     5  out of     11    45%  
   Number of unique control sets:         1

IO Utilization: 
 Number of IOs:                          11
 Number of bonded IOBs:                  11  out of    132     8%  

Specific Feature Utilization:
 Number of BUFG/BUFGCTRLs:                1  out of     16     6%  

---------------------------
Partition Resource Summary:
---------------------------

  No Partitions were found in this design.

---------------------------


=========================================================================
Timing Report

NOTE: THESE TIMING NUMBERS ARE ONLY A SYNTHESIS ESTIMATE.
      FOR ACCURATE TIMING INFORMATION PLEASE REFER TO THE TRACE REPORT
      GENERATED AFTER PLACE-and-ROUTE.

Clock Information:
------------------
-----------------------------------+------------------------+-------+
Clock Signal                       | Clock buffer(FF name)  | Load  |
-----------------------------------+------------------------+-------+
clk                                | BUFGP                  | 6     |
-----------------------------------+------------------------+-------+

Asynchronous Control Signals Information:
----------------------------------------
No asynchronous control signals found in this design

Timing Summary:
---------------
Speed Grade: -3

   Minimum period: 1.616ns (Maximum Frequency: 618.716MHz)
   Minimum input arrival time before clock: 4.421ns
   Maximum output required time after clock: 3.634ns
   Maximum combinational path delay: No path found

Timing Details:
---------------
All values displayed in nanoseconds (ns)

=========================================================================
Timing constraint: Default period analysis for Clock 'clk'
  Clock period: 1.616ns (frequency: 618.716MHz)
  Total number of paths / destination ports: 9 / 5
-------------------------------------------------------------------------
Delay:               1.616ns (Levels of Logic = 1)
  Source:            st_FSM_FFd7 (FF)
  Destination:       st_FSM_FFd4 (FF)
  Source Clock:      clk rising
  Destination Clock: clk rising

  Data Path: st_FSM_FFd7 to st_FSM_FFd4
                                Gate     Net
    Cell:in->out      fanout   Delay   Delay  Logical Name (Net Name)
    ----------------------------------------  ------------
     FDP:C->Q              2   0.447   0.864  st_FSM_FFd7 (st_FSM_FFd7)
     LUT6:I2->O            1   0.203   0.000  st_FSM_FFd4-In3 (st_FSM_FFd4-In)
     FDC:D                     0.102          st_FSM_FFd4
    ----------------------------------------
    Total                      1.616ns (0.752ns logic, 0.864ns route)
                                       (46.5% logic, 53.5% route)

=========================================================================
Timing constraint: Default OFFSET IN BEFORE for Clock 'clk'
  Total number of paths / destination ports: 49 / 11
-------------------------------------------------------------------------
Offset:              4.421ns (Levels of Logic = 4)
  Source:            in<6> (PAD)
  Destination:       st_FSM_FFd4 (FF)
  Destination Clock: clk rising

  Data Path: in<6> to st_FSM_FFd4
                                Gate     Net
    Cell:in->out      fanout   Delay   Delay  Logical Name (Net Name)
    ----------------------------------------  ------------
     IBUF:I->O             2   1.222   0.845  in_6_IBUF (in_6_IBUF)
     LUT3:I0->O            5   0.205   1.059  st_FSM_FFd4-In311 (st_FSM_FFd4-In31)
     LUT5:I0->O            1   0.203   0.580  st_FSM_FFd4-In3_SW0 (N4)
     LUT6:I5->O            1   0.205   0.000  st_FSM_FFd4-In3 (st_FSM_FFd4-In)
     FDC:D                     0.102          st_FSM_FFd4
    ----------------------------------------
    Total                      4.421ns (1.937ns logic, 2.484ns route)
                                       (43.8% logic, 56.2% route)

=========================================================================
Timing constraint: Default OFFSET OUT AFTER for Clock 'clk'
  Total number of paths / destination ports: 1 / 1
-------------------------------------------------------------------------
Offset:              3.634ns (Levels of Logic = 1)
  Source:            st_FSM_FFd4 (FF)
  Destination:       out (PAD)
  Source Clock:      clk rising

  Data Path: st_FSM_FFd4 to out
                                Gate     Net
    Cell:in->out      fanout   Delay   Delay  Logical Name (Net Name)
    ----------------------------------------  ------------
     FDC:C->Q              2   0.447   0.616  st_FSM_FFd4 (st_FSM_FFd4)
     OBUF:I->O                 2.571          out_OBUF (out)
    ----------------------------------------
    Total                      3.634ns (3.018ns logic, 0.616ns route)
                                       (83.0% logic, 17.0% route)

=========================================================================

Cross Clock Domains Report:
--------------------------

Clock to Setup on destination clock clk
---------------+---------+---------+---------+---------+
               | Src:Rise| Src:Fall| Src:Rise| Src:Fall|
Source Clock   |Dest:Rise|Dest:Rise|Dest:Fall|Dest:Fall|
---------------+---------+---------+---------+---------+
clk            |    1.616|         |         |         |
---------------+---------+---------+---------+---------+

=========================================================================


Total REAL time to Xst completion: 4.00 secs
Total CPU time to Xst completion: 3.40 secs
 
--> 

Total memory usage is 4490528 kilobytes

Number of errors   :    0 (   0 filtered)
Number of warnings :    0 (   0 filtered)
Number of infos    :    0 (   0 filtered)

